20241127-182338.553| -* logFile=logs/yh91@pc7-121-l.cs.st-andrews.ac.uk-log.log
20241127-182338.554| -* downloadDir=downloads/
20241127-182338.554| -* id=yh91@pc7-121-l.cs.st-andrews.ac.uk
20241127-182338.554| -* rootDir=root_dir
20241127-182338.554| -* mAddr6=ff02::2:5509
20241127-182338.556| -* mPort=25509
20241127-182338.556| -* tcpPort=25509
20241127-182338.556| -* mTTL=2
20241127-182338.557| -* loopback=false
20241127-182338.557| -* reuseAddr=false
20241127-182338.557| -* soTimeout=200
20241127-182338.557| -* fqdnQuerySoTime=200
20241127-182338.557| -* sleepTime=1000
20241127-182338.557| -* maximumMessageSize=1400
20241127-182338.558| -* maximumAdvertisementPeriod=5000
20241127-182338.558| -* initialAdvertisementPeriod=250
20241127-182338.558| -* nodeTTL=5200
20241127-182338.558| -* mfqdnTTL=60000
20241127-182338.558| -* search=none
20241127-182338.558| -* download=false
20241127-182338.585| using interface enp3s0
20241127-182338.592| joined IPv6 multicast group /[ff02:0:0:0:0:0:2:5509]:25509
20241127-182338.593| muticast advertise start
20241127-182338.593| advertise start
20241127-182338.593| muticast rx start
20241127-182338.594| Starting IPv6 tcp server on link-local address: fe80:0:0:0:692:26ff:fed4:a06d%enp3s0
20241127-182338.595| Starting IPv6 tcp server on port: 25509
20241127-182338.595| tcp server start accepting
20241127-182338.599| txAd->	:yh91@pc7-121-l.cs.st-andrews.ac.uk:9879:20241127-182338.597:advertisement:25509:search=false,download=false:
20241127-182338.850| txAd->	:yh91@pc7-121-l.cs.st-andrews.ac.uk:9880:20241127-182338.849:advertisement:25509:search=false,download=false:
20241127-182339.352| txAd->	:yh91@pc7-121-l.cs.st-andrews.ac.uk:9881:20241127-182339.351:advertisement:25509:search=false,download=false:
20241127-182340.354| txAd->	:yh91@pc7-121-l.cs.st-andrews.ac.uk:9882:20241127-182340.353:advertisement:25509:search=false,download=false:
20241127-182341.491| ->rx	:yh91@pc7-123-l.cs.st-andrews.ac.uk:33279:20241127-182341.489:advertisement:25509:search=true,download=true:
20241127-182341.742| ->rx	:yh91@pc7-123-l.cs.st-andrews.ac.uk:33280:20241127-182341.741:advertisement:25509:search=true,download=true:
20241127-182342.244| ->rx	:yh91@pc7-123-l.cs.st-andrews.ac.uk:33281:20241127-182342.243:advertisement:25509:search=true,download=true:
20241127-182342.355| txAd->	:yh91@pc7-121-l.cs.st-andrews.ac.uk:9883:20241127-182342.355:advertisement:25509:search=false,download=false:
20241127-182342.592| ->rx	:yh91@pc7-120-l.cs.st-andrews.ac.uk:62503:20241127-182342.591:advertisement:25509:search=true,download=true:
20241127-182342.857| txAd->	:yh91@pc7-121-l.cs.st-andrews.ac.uk:9884:20241127-182342.856:advertisement:25509:search=false,download=false:
20241127-182343.094| ->rx	:yh91@pc7-120-l.cs.st-andrews.ac.uk:62504:20241127-182343.093:advertisement:25509:search=true,download=true:
20241127-182343.246| ->rx	:yh91@pc7-123-l.cs.st-andrews.ac.uk:33282:20241127-182343.244:advertisement:25509:search=true,download=true:
20241127-182343.359| txAd->	:yh91@pc7-121-l.cs.st-andrews.ac.uk:9885:20241127-182343.358:advertisement:25509:search=false,download=false:
20241127-182343.747| ->rx	:yh91@pc7-123-l.cs.st-andrews.ac.uk:33283:20241127-182343.746:advertisement:25509:search=true,download=true:
20241127-182344.095| ->rx	:yh91@pc7-120-l.cs.st-andrews.ac.uk:62505:20241127-182344.094:advertisement:25509:search=true,download=true:
20241127-182344.360| txAd->	:yh91@pc7-121-l.cs.st-andrews.ac.uk:9886:20241127-182344.359:advertisement:25509:search=false,download=false:
20241127-182344.748| ->rx	:yh91@pc7-123-l.cs.st-andrews.ac.uk:33284:20241127-182344.747:advertisement:25509:search=true,download=true:
20241127-182346.097| ->rx	:yh91@pc7-120-l.cs.st-andrews.ac.uk:62506:20241127-182346.096:advertisement:25509:search=true,download=true:
20241127-182346.362| txAd->	:yh91@pc7-121-l.cs.st-andrews.ac.uk:9887:20241127-182346.361:advertisement:25509:search=false,download=false:
20241127-182346.750| ->rx	:yh91@pc7-123-l.cs.st-andrews.ac.uk:33285:20241127-182346.749:advertisement:25509:search=true,download=true:
20241127-182350.098| ->rx	:yh91@pc7-120-l.cs.st-andrews.ac.uk:62507:20241127-182350.097:advertisement:25509:search=true,download=true:
20241127-182350.363| txAd->	:yh91@pc7-121-l.cs.st-andrews.ac.uk:9888:20241127-182350.363:advertisement:25509:search=false,download=false:
20241127-182350.752| ->rx	:yh91@pc7-123-l.cs.st-andrews.ac.uk:33286:20241127-182350.750:advertisement:25509:search=true,download=true:
20241127-182355.100| ->rx	:yh91@pc7-120-l.cs.st-andrews.ac.uk:62508:20241127-182355.099:advertisement:25509:search=true,download=true:
20241127-182355.365| txAd->	:yh91@pc7-121-l.cs.st-andrews.ac.uk:9889:20241127-182355.364:advertisement:25509:search=false,download=false:
20241127-182355.753| ->rx	:yh91@pc7-123-l.cs.st-andrews.ac.uk:33287:20241127-182355.752:advertisement:25509:search=true,download=true:
20241127-182400.102| ->rx	:yh91@pc7-120-l.cs.st-andrews.ac.uk:62509:20241127-182400.100:advertisement:25509:search=true,download=true:
20241127-182400.367| txAd->	:yh91@pc7-121-l.cs.st-andrews.ac.uk:9890:20241127-182400.366:advertisement:25509:search=false,download=false:
20241127-182400.755| ->rx	:yh91@pc7-123-l.cs.st-andrews.ac.uk:33288:20241127-182400.754:advertisement:25509:search=true,download=true:
20241127-182405.103| ->rx	:yh91@pc7-120-l.cs.st-andrews.ac.uk:62510:20241127-182405.102:advertisement:25509:search=true,download=true:
20241127-182405.368| txAd->	:yh91@pc7-121-l.cs.st-andrews.ac.uk:9891:20241127-182405.368:advertisement:25509:search=false,download=false:
20241127-182405.757| ->rx	:yh91@pc7-123-l.cs.st-andrews.ac.uk:33289:20241127-182405.755:advertisement:25509:search=true,download=true:
20241127-182406.852| ->rx	:yh91@pc7-120-l.cs.st-andrews.ac.uk:62511:20241127-182406.850:search-request:video:
20241127-182406.880| ->rx	:yh91@pc7-123-l.cs.st-andrews.ac.uk:33290:20241127-182406.875:search-result:yh91@pc7-120-l.cs.st-andrews.ac.uk:62511:/non-text/video/good_and_strong-web.mp4:
20241127-182406.897| ->rx	:yh91@pc7-123-l.cs.st-andrews.ac.uk:33291:20241127-182406.880:search-result:yh91@pc7-120-l.cs.st-andrews.ac.uk:62511:/non-text/video/no_charge-web.mp4:
20241127-182406.899| ->rx	:yh91@pc7-123-l.cs.st-andrews.ac.uk:33292:20241127-182406.881:search-result:yh91@pc7-120-l.cs.st-andrews.ac.uk:62511:/non-text/video/all_the_twitters-web.mp4:
20241127-182410.105| ->rx	:yh91@pc7-120-l.cs.st-andrews.ac.uk:62512:20241127-182410.103:advertisement:25509:search=true,download=true:
20241127-182410.370| txAd->	:yh91@pc7-121-l.cs.st-andrews.ac.uk:9892:20241127-182410.369:advertisement:25509:search=false,download=false:
20241127-182410.758| ->rx	:yh91@pc7-123-l.cs.st-andrews.ac.uk:33293:20241127-182410.757:advertisement:25509:search=true,download=true:
20241127-182415.106| ->rx	:yh91@pc7-120-l.cs.st-andrews.ac.uk:62513:20241127-182415.105:advertisement:25509:search=true,download=true:
20241127-182415.372| txAd->	:yh91@pc7-121-l.cs.st-andrews.ac.uk:9893:20241127-182415.371:advertisement:25509:search=false,download=false:
20241127-182415.760| ->rx	:yh91@pc7-123-l.cs.st-andrews.ac.uk:33294:20241127-182415.758:advertisement:25509:search=true,download=true:
20241127-182420.057| ->rx	:yh91@pc7-120-l.cs.st-andrews.ac.uk:62514:20241127-182420.055:search-request:hello:
20241127-182420.067| ->rx	:yh91@pc7-123-l.cs.st-andrews.ac.uk:33295:20241127-182420.065:search-error:yh91@pc7-120-l.cs.st-andrews.ac.uk:62514:
20241127-182420.107| ->rx	:yh91@pc7-120-l.cs.st-andrews.ac.uk:62515:20241127-182420.106:advertisement:25509:search=true,download=true:
20241127-182420.373| txAd->	:yh91@pc7-121-l.cs.st-andrews.ac.uk:9894:20241127-182420.372:advertisement:25509:search=false,download=false:
20241127-182420.761| ->rx	:yh91@pc7-123-l.cs.st-andrews.ac.uk:33296:20241127-182420.760:advertisement:25509:search=true,download=true:
20241127-182425.109| ->rx	:yh91@pc7-120-l.cs.st-andrews.ac.uk:62516:20241127-182425.107:advertisement:25509:search=true,download=true:
20241127-182425.374| txAd->	:yh91@pc7-121-l.cs.st-andrews.ac.uk:9895:20241127-182425.374:advertisement:25509:search=false,download=false:
20241127-182425.762| ->rx	:yh91@pc7-123-l.cs.st-andrews.ac.uk:33297:20241127-182425.761:advertisement:25509:search=true,download=true:
20241127-182430.110| ->rx	:yh91@pc7-120-l.cs.st-andrews.ac.uk:62517:20241127-182430.109:advertisement:25509:search=true,download=true:
20241127-182430.376| txAd->	:yh91@pc7-121-l.cs.st-andrews.ac.uk:9896:20241127-182430.375:advertisement:25509:search=false,download=false:
20241127-182430.763| ->rx	:yh91@pc7-123-l.cs.st-andrews.ac.uk:33298:20241127-182430.762:advertisement:25509:search=true,download=true:
20241127-182435.111| ->rx	:yh91@pc7-120-l.cs.st-andrews.ac.uk:62518:20241127-182435.110:advertisement:25509:search=true,download=true:
20241127-182435.377| txAd->	:yh91@pc7-121-l.cs.st-andrews.ac.uk:9897:20241127-182435.377:advertisement:25509:search=false,download=false:
20241127-182435.764| ->rx	:yh91@pc7-123-l.cs.st-andrews.ac.uk:33299:20241127-182435.763:advertisement:25509:search=true,download=true:
20241127-182440.113| ->rx	:yh91@pc7-120-l.cs.st-andrews.ac.uk:62519:20241127-182440.112:advertisement:25509:search=true,download=true:
20241127-182440.379| txAd->	:yh91@pc7-121-l.cs.st-andrews.ac.uk:9898:20241127-182440.378:advertisement:25509:search=false,download=false:
20241127-182440.766| ->rx	:yh91@pc7-123-l.cs.st-andrews.ac.uk:33300:20241127-182440.765:advertisement:25509:search=true,download=true:
20241127-182445.114| ->rx	:yh91@pc7-120-l.cs.st-andrews.ac.uk:62520:20241127-182445.113:advertisement:25509:search=true,download=true:
20241127-182445.380| txAd->	:yh91@pc7-121-l.cs.st-andrews.ac.uk:9899:20241127-182445.379:advertisement:25509:search=false,download=false:
20241127-182445.767| ->rx	:yh91@pc7-123-l.cs.st-andrews.ac.uk:33301:20241127-182445.766:advertisement:25509:search=true,download=true:
20241127-182450.115| ->rx	:yh91@pc7-120-l.cs.st-andrews.ac.uk:62521:20241127-182450.114:advertisement:25509:search=true,download=true:
20241127-182450.381| txAd->	:yh91@pc7-121-l.cs.st-andrews.ac.uk:9900:20241127-182450.381:advertisement:25509:search=false,download=false:
20241127-182450.769| ->rx	:yh91@pc7-123-l.cs.st-andrews.ac.uk:33302:20241127-182450.768:advertisement:25509:search=true,download=true:
20241127-182455.117| ->rx	:yh91@pc7-120-l.cs.st-andrews.ac.uk:62522:20241127-182455.115:advertisement:25509:search=true,download=true:
20241127-182455.383| txAd->	:yh91@pc7-121-l.cs.st-andrews.ac.uk:9901:20241127-182455.382:advertisement:25509:search=false,download=false:
20241127-182455.770| ->rx	:yh91@pc7-123-l.cs.st-andrews.ac.uk:33303:20241127-182455.769:advertisement:25509:search=true,download=true:
20241127-182500.118| ->rx	:yh91@pc7-120-l.cs.st-andrews.ac.uk:62523:20241127-182500.117:advertisement:25509:search=true,download=true:
20241127-182500.384| txAd->	:yh91@pc7-121-l.cs.st-andrews.ac.uk:9902:20241127-182500.383:advertisement:25509:search=false,download=false:
20241127-182500.771| ->rx	:yh91@pc7-123-l.cs.st-andrews.ac.uk:33304:20241127-182500.770:advertisement:25509:search=true,download=true:
20241127-182505.120| ->rx	:yh91@pc7-120-l.cs.st-andrews.ac.uk:62524:20241127-182505.118:advertisement:25509:search=true,download=true:
20241127-182505.385| txAd->	:yh91@pc7-121-l.cs.st-andrews.ac.uk:9903:20241127-182505.385:advertisement:25509:search=false,download=false:
20241127-182505.773| ->rx	:yh91@pc7-123-l.cs.st-andrews.ac.uk:33305:20241127-182505.771:advertisement:25509:search=true,download=true:
20241127-182510.121| ->rx	:yh91@pc7-120-l.cs.st-andrews.ac.uk:62525:20241127-182510.120:advertisement:25509:search=true,download=true:
20241127-182510.387| txAd->	:yh91@pc7-121-l.cs.st-andrews.ac.uk:9904:20241127-182510.386:advertisement:25509:search=false,download=false:
20241127-182510.774| ->rx	:yh91@pc7-123-l.cs.st-andrews.ac.uk:33306:20241127-182510.773:advertisement:25509:search=true,download=true:
20241127-182515.122| ->rx	:yh91@pc7-120-l.cs.st-andrews.ac.uk:62526:20241127-182515.121:advertisement:25509:search=true,download=true:
20241127-182515.388| txAd->	:yh91@pc7-121-l.cs.st-andrews.ac.uk:9905:20241127-182515.387:advertisement:25509:search=false,download=false:
20241127-182515.775| ->rx	:yh91@pc7-123-l.cs.st-andrews.ac.uk:33307:20241127-182515.774:advertisement:25509:search=true,download=true:
20241127-182518.269| ->rx	:yh91@pc7-120-l.cs.st-andrews.ac.uk:62527:20241127-182518.268:mfqdns-query:pc7-123-l.cs.st-andrews.ac.uk:
20241127-182518.374| ->rx	:yh91@pc7-123-l.cs.st-andrews.ac.uk:33308:20241127-182518.372:mfqdns-answer:60000:fe80%3A0%3A0%3A0%3A6d4%3Ac4ff%3Afe58%3A6298%enp3s0:
20241127-182520.123| ->rx	:yh91@pc7-120-l.cs.st-andrews.ac.uk:62528:20241127-182520.122:advertisement:25509:search=true,download=true:
20241127-182520.390| txAd->	:yh91@pc7-121-l.cs.st-andrews.ac.uk:9906:20241127-182520.389:advertisement:25509:search=false,download=false:
20241127-182520.776| ->rx	:yh91@pc7-123-l.cs.st-andrews.ac.uk:33309:20241127-182520.776:advertisement:25509:search=true,download=true:
20241127-182525.125| ->rx	:yh91@pc7-120-l.cs.st-andrews.ac.uk:62529:20241127-182525.124:advertisement:25509:search=true,download=true:
20241127-182525.391| txAd->	:yh91@pc7-121-l.cs.st-andrews.ac.uk:9907:20241127-182525.390:advertisement:25509:search=false,download=false:
20241127-182525.778| ->rx	:yh91@pc7-123-l.cs.st-andrews.ac.uk:33310:20241127-182525.777:advertisement:25509:search=true,download=true:
20241127-182530.126| ->rx	:yh91@pc7-120-l.cs.st-andrews.ac.uk:62531:20241127-182530.125:advertisement:25509:search=true,download=true:
20241127-182530.392| txAd->	:yh91@pc7-121-l.cs.st-andrews.ac.uk:9908:20241127-182530.392:advertisement:25509:search=false,download=false:
20241127-182530.779| ->rx	:yh91@pc7-123-l.cs.st-andrews.ac.uk:33312:20241127-182530.778:advertisement:25509:search=true,download=true:
20241127-182535.128| ->rx	:yh91@pc7-120-l.cs.st-andrews.ac.uk:62532:20241127-182535.127:advertisement:25509:search=true,download=true:
20241127-182535.394| txAd->	:yh91@pc7-121-l.cs.st-andrews.ac.uk:9909:20241127-182535.393:advertisement:25509:search=false,download=false:
20241127-182535.781| ->rx	:yh91@pc7-123-l.cs.st-andrews.ac.uk:33313:20241127-182535.779:advertisement:25509:search=true,download=true:
20241127-182540.129| ->rx	:yh91@pc7-120-l.cs.st-andrews.ac.uk:62533:20241127-182540.128:advertisement:25509:search=true,download=true:
20241127-182540.395| txAd->	:yh91@pc7-121-l.cs.st-andrews.ac.uk:9910:20241127-182540.395:advertisement:25509:search=false,download=false:
20241127-182540.782| ->rx	:yh91@pc7-123-l.cs.st-andrews.ac.uk:33314:20241127-182540.781:advertisement:25509:search=true,download=true:
20241127-182545.130| ->rx	:yh91@pc7-120-l.cs.st-andrews.ac.uk:62534:20241127-182545.129:advertisement:25509:search=true,download=true:
20241127-182545.397| txAd->	:yh91@pc7-121-l.cs.st-andrews.ac.uk:9911:20241127-182545.396:advertisement:25509:search=false,download=false:
20241127-182545.783| ->rx	:yh91@pc7-123-l.cs.st-andrews.ac.uk:33315:20241127-182545.782:advertisement:25509:search=true,download=true:
20241127-182550.131| ->rx	:yh91@pc7-120-l.cs.st-andrews.ac.uk:62535:20241127-182550.131:advertisement:25509:search=true,download=true:
20241127-182550.398| txAd->	:yh91@pc7-121-l.cs.st-andrews.ac.uk:9912:20241127-182550.397:advertisement:25509:search=false,download=false:
20241127-182550.784| ->rx	:yh91@pc7-123-l.cs.st-andrews.ac.uk:33316:20241127-182550.783:advertisement:25509:search=true,download=true:
20241127-182555.133| ->rx	:yh91@pc7-120-l.cs.st-andrews.ac.uk:62537:20241127-182555.132:advertisement:25509:search=true,download=true:
20241127-182555.399| txAd->	:yh91@pc7-121-l.cs.st-andrews.ac.uk:9913:20241127-182555.398:advertisement:25509:search=false,download=false:
20241127-182555.786| ->rx	:yh91@pc7-123-l.cs.st-andrews.ac.uk:33318:20241127-182555.785:advertisement:25509:search=true,download=true:
20241127-182600.134| ->rx	:yh91@pc7-120-l.cs.st-andrews.ac.uk:62538:20241127-182600.133:advertisement:25509:search=true,download=true:
20241127-182600.400| txAd->	:yh91@pc7-121-l.cs.st-andrews.ac.uk:9914:20241127-182600.400:advertisement:25509:search=false,download=false:
20241127-182600.787| ->rx	:yh91@pc7-123-l.cs.st-andrews.ac.uk:33319:20241127-182600.786:advertisement:25509:search=true,download=true:
20241127-182605.135| ->rx	:yh91@pc7-120-l.cs.st-andrews.ac.uk:62539:20241127-182605.134:advertisement:25509:search=true,download=true:
20241127-182605.401| txAd->	:yh91@pc7-121-l.cs.st-andrews.ac.uk:9915:20241127-182605.401:advertisement:25509:search=false,download=false:
20241127-182610.136| ->rx	:yh91@pc7-120-l.cs.st-andrews.ac.uk:62540:20241127-182610.135:advertisement:25509:search=true,download=true:
20241127-182610.403| txAd->	:yh91@pc7-121-l.cs.st-andrews.ac.uk:9916:20241127-182610.402:advertisement:25509:search=false,download=false:
20241127-182615.137| ->rx	:yh91@pc7-120-l.cs.st-andrews.ac.uk:62541:20241127-182615.137:advertisement:25509:search=true,download=true:
20241127-182615.404| txAd->	:yh91@pc7-121-l.cs.st-andrews.ac.uk:9917:20241127-182615.403:advertisement:25509:search=false,download=false:
20241127-182620.138| ->rx	:yh91@pc7-120-l.cs.st-andrews.ac.uk:62542:20241127-182620.138:advertisement:25509:search=true,download=true:
20241127-182620.405| txAd->	:yh91@pc7-121-l.cs.st-andrews.ac.uk:9918:20241127-182620.404:advertisement:25509:search=false,download=false:
20241127-182625.140| ->rx	:yh91@pc7-120-l.cs.st-andrews.ac.uk:62543:20241127-182625.139:advertisement:25509:search=true,download=true:
20241127-182625.406| txAd->	:yh91@pc7-121-l.cs.st-andrews.ac.uk:9919:20241127-182625.406:advertisement:25509:search=false,download=false:
20241127-182630.140| ->rx	:yh91@pc7-120-l.cs.st-andrews.ac.uk:62544:20241127-182630.140:advertisement:25509:search=true,download=true:
20241127-182630.408| txAd->	:yh91@pc7-121-l.cs.st-andrews.ac.uk:9920:20241127-182630.407:advertisement:25509:search=false,download=false:
20241127-182635.141| ->rx	:yh91@pc7-120-l.cs.st-andrews.ac.uk:62545:20241127-182635.141:advertisement:25509:search=true,download=true:
20241127-182635.409| txAd->	:yh91@pc7-121-l.cs.st-andrews.ac.uk:9921:20241127-182635.408:advertisement:25509:search=false,download=false:
20241127-182640.143| ->rx	:yh91@pc7-120-l.cs.st-andrews.ac.uk:62546:20241127-182640.142:advertisement:25509:search=true,download=true:
20241127-182640.410| txAd->	:yh91@pc7-121-l.cs.st-andrews.ac.uk:9922:20241127-182640.409:advertisement:25509:search=false,download=false:
20241127-182645.144| ->rx	:yh91@pc7-120-l.cs.st-andrews.ac.uk:62547:20241127-182645.143:advertisement:25509:search=true,download=true:
20241127-182645.411| txAd->	:yh91@pc7-121-l.cs.st-andrews.ac.uk:9923:20241127-182645.410:advertisement:25509:search=false,download=false:
20241127-182650.145| ->rx	:yh91@pc7-120-l.cs.st-andrews.ac.uk:62548:20241127-182650.144:advertisement:25509:search=true,download=true:
20241127-182650.412| txAd->	:yh91@pc7-121-l.cs.st-andrews.ac.uk:9924:20241127-182650.412:advertisement:25509:search=false,download=false:
20241127-182654.539| ->rx	:yh91@pc7-120-l.cs.st-andrews.ac.uk:62549:20241127-182654.538:mfqdns-query:pc7-121-l.cs.st-andrews.ac.uk:
20241127-182654.643| txAnswer->	:yh91@pc7-121-l.cs.st-andrews.ac.uk:9925:20241127-182654.642:mfqdns-answer:60000:fe80%3A0%3A0%3A0%3A692%3A26ff%3Afed4%3Aa06d%enp3s0:
20241127-182655.146| ->rx	:yh91@pc7-120-l.cs.st-andrews.ac.uk:62550:20241127-182655.145:advertisement:25509:search=true,download=true:
20241127-182655.413| txAd->	:yh91@pc7-121-l.cs.st-andrews.ac.uk:9926:20241127-182655.413:advertisement:25509:search=false,download=false:
20241127-182700.147| ->rx	:yh91@pc7-120-l.cs.st-andrews.ac.uk:62551:20241127-182700.146:advertisement:25509:search=true,download=true:
20241127-182700.414| txAd->	:yh91@pc7-121-l.cs.st-andrews.ac.uk:9927:20241127-182700.414:advertisement:25509:search=false,download=false:
20241127-182705.148| ->rx	:yh91@pc7-120-l.cs.st-andrews.ac.uk:62552:20241127-182705.147:advertisement:25509:search=true,download=true:
20241127-182705.415| txAd->	:yh91@pc7-121-l.cs.st-andrews.ac.uk:9928:20241127-182705.415:advertisement:25509:search=false,download=false:
20241127-182710.149| ->rx	:yh91@pc7-120-l.cs.st-andrews.ac.uk:62553:20241127-182710.148:advertisement:25509:search=true,download=true:
20241127-182710.416| txAd->	:yh91@pc7-121-l.cs.st-andrews.ac.uk:9929:20241127-182710.415:advertisement:25509:search=false,download=false:
20241127-182712.751| ->tcpRx	:yh91@pc7-120-l.cs.st-andrews.ac.uk:62554:20241127-182712.744:download-request:/non-text/video/good_and_strong-web.mp4:
20241127-182712.755| tcpTx->	:yh91@pc7-121-l.cs.st-andrews.ac.uk:9930:20241127-182712.755:download-error:
20241127-182715.150| ->rx	:yh91@pc7-120-l.cs.st-andrews.ac.uk:62555:20241127-182715.149:advertisement:25509:search=true,download=true:
20241127-182715.417| txAd->	:yh91@pc7-121-l.cs.st-andrews.ac.uk:9931:20241127-182715.416:advertisement:25509:search=false,download=false:
20241127-182720.151| ->rx	:yh91@pc7-120-l.cs.st-andrews.ac.uk:62556:20241127-182720.150:advertisement:25509:search=true,download=true:
20241127-182720.418| txAd->	:yh91@pc7-121-l.cs.st-andrews.ac.uk:9932:20241127-182720.417:advertisement:25509:search=false,download=false:
20241127-182725.419| txAd->	:yh91@pc7-121-l.cs.st-andrews.ac.uk:9933:20241127-182725.418:advertisement:25509:search=false,download=false:
20241127-182728.641| advertise close
20241127-182728.796| muticast rx close
20241127-182728.826| tcp server stop accepting.
20241127-182729.641| left IPv6 multicast group
20241127-182729.644| IPv6 tcp server close.
