20241127-182341.445| -* logFile=logs/yh91@pc7-123-l.cs.st-andrews.ac.uk-log.log
20241127-182341.446| -* downloadDir=downloads/
20241127-182341.446| -* id=yh91@pc7-123-l.cs.st-andrews.ac.uk
20241127-182341.446| -* rootDir=root_dir
20241127-182341.446| -* mAddr6=ff02::2:5509
20241127-182341.448| -* mPort=25509
20241127-182341.448| -* tcpPort=25509
20241127-182341.448| -* mTTL=2
20241127-182341.448| -* loopback=false
20241127-182341.449| -* reuseAddr=false
20241127-182341.449| -* soTimeout=200
20241127-182341.449| -* fqdnQuerySoTime=200
20241127-182341.449| -* sleepTime=1000
20241127-182341.449| -* maximumMessageSize=1400
20241127-182341.449| -* maximumAdvertisementPeriod=5000
20241127-182341.449| -* initialAdvertisementPeriod=250
20241127-182341.450| -* nodeTTL=5200
20241127-182341.450| -* mfqdnTTL=60000
20241127-182341.450| -* search=path-filename-substring
20241127-182341.450| -* download=true
20241127-182341.475| using interface enp3s0
20241127-182341.482| joined IPv6 multicast group /[ff02:0:0:0:0:0:2:5509]:25509
20241127-182341.483| muticast advertise start
20241127-182341.483| advertise start
20241127-182341.484| muticast rx start
20241127-182341.485| Starting IPv6 tcp server on link-local address: fe80:0:0:0:6d4:c4ff:fe58:6298%enp3s0
20241127-182341.485| Starting IPv6 tcp server on port: 25509
20241127-182341.485| tcp server start accepting
20241127-182341.490| txAd->	:yh91@pc7-123-l.cs.st-andrews.ac.uk:33279:20241127-182341.489:advertisement:25509:search=true,download=true:
20241127-182341.742| txAd->	:yh91@pc7-123-l.cs.st-andrews.ac.uk:33280:20241127-182341.741:advertisement:25509:search=true,download=true:
20241127-182342.244| txAd->	:yh91@pc7-123-l.cs.st-andrews.ac.uk:33281:20241127-182342.243:advertisement:25509:search=true,download=true:
20241127-182342.356| ->rx	:yh91@pc7-121-l.cs.st-andrews.ac.uk:9883:20241127-182342.355:advertisement:25509:search=false,download=false:
20241127-182342.592| ->rx	:yh91@pc7-120-l.cs.st-andrews.ac.uk:62503:20241127-182342.591:advertisement:25509:search=true,download=true:
20241127-182342.857| ->rx	:yh91@pc7-121-l.cs.st-andrews.ac.uk:9884:20241127-182342.856:advertisement:25509:search=false,download=false:
20241127-182343.094| ->rx	:yh91@pc7-120-l.cs.st-andrews.ac.uk:62504:20241127-182343.093:advertisement:25509:search=true,download=true:
20241127-182343.245| txAd->	:yh91@pc7-123-l.cs.st-andrews.ac.uk:33282:20241127-182343.244:advertisement:25509:search=true,download=true:
20241127-182343.359| ->rx	:yh91@pc7-121-l.cs.st-andrews.ac.uk:9885:20241127-182343.358:advertisement:25509:search=false,download=false:
20241127-182343.746| txAd->	:yh91@pc7-123-l.cs.st-andrews.ac.uk:33283:20241127-182343.746:advertisement:25509:search=true,download=true:
20241127-182344.095| ->rx	:yh91@pc7-120-l.cs.st-andrews.ac.uk:62505:20241127-182344.094:advertisement:25509:search=true,download=true:
20241127-182344.361| ->rx	:yh91@pc7-121-l.cs.st-andrews.ac.uk:9886:20241127-182344.359:advertisement:25509:search=false,download=false:
20241127-182344.748| txAd->	:yh91@pc7-123-l.cs.st-andrews.ac.uk:33284:20241127-182344.747:advertisement:25509:search=true,download=true:
20241127-182346.097| ->rx	:yh91@pc7-120-l.cs.st-andrews.ac.uk:62506:20241127-182346.096:advertisement:25509:search=true,download=true:
20241127-182346.362| ->rx	:yh91@pc7-121-l.cs.st-andrews.ac.uk:9887:20241127-182346.361:advertisement:25509:search=false,download=false:
20241127-182346.750| txAd->	:yh91@pc7-123-l.cs.st-andrews.ac.uk:33285:20241127-182346.749:advertisement:25509:search=true,download=true:
20241127-182350.098| ->rx	:yh91@pc7-120-l.cs.st-andrews.ac.uk:62507:20241127-182350.097:advertisement:25509:search=true,download=true:
20241127-182350.364| ->rx	:yh91@pc7-121-l.cs.st-andrews.ac.uk:9888:20241127-182350.363:advertisement:25509:search=false,download=false:
20241127-182350.751| txAd->	:yh91@pc7-123-l.cs.st-andrews.ac.uk:33286:20241127-182350.750:advertisement:25509:search=true,download=true:
20241127-182355.100| ->rx	:yh91@pc7-120-l.cs.st-andrews.ac.uk:62508:20241127-182355.099:advertisement:25509:search=true,download=true:
20241127-182355.366| ->rx	:yh91@pc7-121-l.cs.st-andrews.ac.uk:9889:20241127-182355.364:advertisement:25509:search=false,download=false:
20241127-182355.753| txAd->	:yh91@pc7-123-l.cs.st-andrews.ac.uk:33287:20241127-182355.752:advertisement:25509:search=true,download=true:
20241127-182400.101| ->rx	:yh91@pc7-120-l.cs.st-andrews.ac.uk:62509:20241127-182400.100:advertisement:25509:search=true,download=true:
20241127-182400.367| ->rx	:yh91@pc7-121-l.cs.st-andrews.ac.uk:9890:20241127-182400.366:advertisement:25509:search=false,download=false:
20241127-182400.754| txAd->	:yh91@pc7-123-l.cs.st-andrews.ac.uk:33288:20241127-182400.754:advertisement:25509:search=true,download=true:
20241127-182405.103| ->rx	:yh91@pc7-120-l.cs.st-andrews.ac.uk:62510:20241127-182405.102:advertisement:25509:search=true,download=true:
20241127-182405.369| ->rx	:yh91@pc7-121-l.cs.st-andrews.ac.uk:9891:20241127-182405.368:advertisement:25509:search=false,download=false:
20241127-182405.756| txAd->	:yh91@pc7-123-l.cs.st-andrews.ac.uk:33289:20241127-182405.755:advertisement:25509:search=true,download=true:
20241127-182406.852| ->rx	:yh91@pc7-120-l.cs.st-andrews.ac.uk:62511:20241127-182406.850:search-request:video:
20241127-182406.879| txSRes->	:yh91@pc7-123-l.cs.st-andrews.ac.uk:33290:20241127-182406.875:search-result:yh91@pc7-120-l.cs.st-andrews.ac.uk:62511:/non-text/video/good_and_strong-web.mp4:
20241127-182406.880| txSRes->	:yh91@pc7-123-l.cs.st-andrews.ac.uk:33291:20241127-182406.880:search-result:yh91@pc7-120-l.cs.st-andrews.ac.uk:62511:/non-text/video/no_charge-web.mp4:
20241127-182406.881| txSRes->	:yh91@pc7-123-l.cs.st-andrews.ac.uk:33292:20241127-182406.881:search-result:yh91@pc7-120-l.cs.st-andrews.ac.uk:62511:/non-text/video/all_the_twitters-web.mp4:
20241127-182410.104| ->rx	:yh91@pc7-120-l.cs.st-andrews.ac.uk:62512:20241127-182410.103:advertisement:25509:search=true,download=true:
20241127-182410.370| ->rx	:yh91@pc7-121-l.cs.st-andrews.ac.uk:9892:20241127-182410.369:advertisement:25509:search=false,download=false:
20241127-182410.758| txAd->	:yh91@pc7-123-l.cs.st-andrews.ac.uk:33293:20241127-182410.757:advertisement:25509:search=true,download=true:
20241127-182415.106| ->rx	:yh91@pc7-120-l.cs.st-andrews.ac.uk:62513:20241127-182415.105:advertisement:25509:search=true,download=true:
20241127-182415.372| ->rx	:yh91@pc7-121-l.cs.st-andrews.ac.uk:9893:20241127-182415.371:advertisement:25509:search=false,download=false:
20241127-182415.759| txAd->	:yh91@pc7-123-l.cs.st-andrews.ac.uk:33294:20241127-182415.758:advertisement:25509:search=true,download=true:
20241127-182420.056| ->rx	:yh91@pc7-120-l.cs.st-andrews.ac.uk:62514:20241127-182420.055:search-request:hello:
20241127-182420.066| txSErr->	:yh91@pc7-123-l.cs.st-andrews.ac.uk:33295:20241127-182420.065:search-error:yh91@pc7-120-l.cs.st-andrews.ac.uk:62514:
20241127-182420.107| ->rx	:yh91@pc7-120-l.cs.st-andrews.ac.uk:62515:20241127-182420.106:advertisement:25509:search=true,download=true:
20241127-182420.373| ->rx	:yh91@pc7-121-l.cs.st-andrews.ac.uk:9894:20241127-182420.372:advertisement:25509:search=false,download=false:
20241127-182420.761| txAd->	:yh91@pc7-123-l.cs.st-andrews.ac.uk:33296:20241127-182420.760:advertisement:25509:search=true,download=true:
20241127-182425.109| ->rx	:yh91@pc7-120-l.cs.st-andrews.ac.uk:62516:20241127-182425.107:advertisement:25509:search=true,download=true:
20241127-182425.375| ->rx	:yh91@pc7-121-l.cs.st-andrews.ac.uk:9895:20241127-182425.374:advertisement:25509:search=false,download=false:
20241127-182425.761| txAd->	:yh91@pc7-123-l.cs.st-andrews.ac.uk:33297:20241127-182425.761:advertisement:25509:search=true,download=true:
20241127-182430.110| ->rx	:yh91@pc7-120-l.cs.st-andrews.ac.uk:62517:20241127-182430.109:advertisement:25509:search=true,download=true:
20241127-182430.376| ->rx	:yh91@pc7-121-l.cs.st-andrews.ac.uk:9896:20241127-182430.375:advertisement:25509:search=false,download=false:
20241127-182430.763| txAd->	:yh91@pc7-123-l.cs.st-andrews.ac.uk:33298:20241127-182430.762:advertisement:25509:search=true,download=true:
20241127-182435.111| ->rx	:yh91@pc7-120-l.cs.st-andrews.ac.uk:62518:20241127-182435.110:advertisement:25509:search=true,download=true:
20241127-182435.378| ->rx	:yh91@pc7-121-l.cs.st-andrews.ac.uk:9897:20241127-182435.377:advertisement:25509:search=false,download=false:
20241127-182435.764| txAd->	:yh91@pc7-123-l.cs.st-andrews.ac.uk:33299:20241127-182435.763:advertisement:25509:search=true,download=true:
20241127-182440.113| ->rx	:yh91@pc7-120-l.cs.st-andrews.ac.uk:62519:20241127-182440.112:advertisement:25509:search=true,download=true:
20241127-182440.379| ->rx	:yh91@pc7-121-l.cs.st-andrews.ac.uk:9898:20241127-182440.378:advertisement:25509:search=false,download=false:
20241127-182440.765| txAd->	:yh91@pc7-123-l.cs.st-andrews.ac.uk:33300:20241127-182440.765:advertisement:25509:search=true,download=true:
20241127-182445.114| ->rx	:yh91@pc7-120-l.cs.st-andrews.ac.uk:62520:20241127-182445.113:advertisement:25509:search=true,download=true:
20241127-182445.380| ->rx	:yh91@pc7-121-l.cs.st-andrews.ac.uk:9899:20241127-182445.379:advertisement:25509:search=false,download=false:
20241127-182445.767| txAd->	:yh91@pc7-123-l.cs.st-andrews.ac.uk:33301:20241127-182445.766:advertisement:25509:search=true,download=true:
20241127-182450.115| ->rx	:yh91@pc7-120-l.cs.st-andrews.ac.uk:62521:20241127-182450.114:advertisement:25509:search=true,download=true:
20241127-182450.382| ->rx	:yh91@pc7-121-l.cs.st-andrews.ac.uk:9900:20241127-182450.381:advertisement:25509:search=false,download=false:
20241127-182450.768| txAd->	:yh91@pc7-123-l.cs.st-andrews.ac.uk:33302:20241127-182450.768:advertisement:25509:search=true,download=true:
20241127-182455.117| ->rx	:yh91@pc7-120-l.cs.st-andrews.ac.uk:62522:20241127-182455.115:advertisement:25509:search=true,download=true:
20241127-182455.383| ->rx	:yh91@pc7-121-l.cs.st-andrews.ac.uk:9901:20241127-182455.382:advertisement:25509:search=false,download=false:
20241127-182455.770| txAd->	:yh91@pc7-123-l.cs.st-andrews.ac.uk:33303:20241127-182455.769:advertisement:25509:search=true,download=true:
20241127-182500.118| ->rx	:yh91@pc7-120-l.cs.st-andrews.ac.uk:62523:20241127-182500.117:advertisement:25509:search=true,download=true:
20241127-182500.384| ->rx	:yh91@pc7-121-l.cs.st-andrews.ac.uk:9902:20241127-182500.383:advertisement:25509:search=false,download=false:
20241127-182500.771| txAd->	:yh91@pc7-123-l.cs.st-andrews.ac.uk:33304:20241127-182500.770:advertisement:25509:search=true,download=true:
20241127-182505.120| ->rx	:yh91@pc7-120-l.cs.st-andrews.ac.uk:62524:20241127-182505.118:advertisement:25509:search=true,download=true:
20241127-182505.386| ->rx	:yh91@pc7-121-l.cs.st-andrews.ac.uk:9903:20241127-182505.385:advertisement:25509:search=false,download=false:
20241127-182505.772| txAd->	:yh91@pc7-123-l.cs.st-andrews.ac.uk:33305:20241127-182505.771:advertisement:25509:search=true,download=true:
20241127-182510.121| ->rx	:yh91@pc7-120-l.cs.st-andrews.ac.uk:62525:20241127-182510.120:advertisement:25509:search=true,download=true:
20241127-182510.387| ->rx	:yh91@pc7-121-l.cs.st-andrews.ac.uk:9904:20241127-182510.386:advertisement:25509:search=false,download=false:
20241127-182510.774| txAd->	:yh91@pc7-123-l.cs.st-andrews.ac.uk:33306:20241127-182510.773:advertisement:25509:search=true,download=true:
20241127-182515.122| ->rx	:yh91@pc7-120-l.cs.st-andrews.ac.uk:62526:20241127-182515.121:advertisement:25509:search=true,download=true:
20241127-182515.388| ->rx	:yh91@pc7-121-l.cs.st-andrews.ac.uk:9905:20241127-182515.387:advertisement:25509:search=false,download=false:
20241127-182515.775| txAd->	:yh91@pc7-123-l.cs.st-andrews.ac.uk:33307:20241127-182515.774:advertisement:25509:search=true,download=true:
20241127-182518.269| ->rx	:yh91@pc7-120-l.cs.st-andrews.ac.uk:62527:20241127-182518.268:mfqdns-query:pc7-123-l.cs.st-andrews.ac.uk:
20241127-182518.374| txAnswer->	:yh91@pc7-123-l.cs.st-andrews.ac.uk:33308:20241127-182518.372:mfqdns-answer:60000:fe80%3A0%3A0%3A0%3A6d4%3Ac4ff%3Afe58%3A6298%enp3s0:
20241127-182520.123| ->rx	:yh91@pc7-120-l.cs.st-andrews.ac.uk:62528:20241127-182520.122:advertisement:25509:search=true,download=true:
20241127-182520.390| ->rx	:yh91@pc7-121-l.cs.st-andrews.ac.uk:9906:20241127-182520.389:advertisement:25509:search=false,download=false:
20241127-182520.776| txAd->	:yh91@pc7-123-l.cs.st-andrews.ac.uk:33309:20241127-182520.776:advertisement:25509:search=true,download=true:
20241127-182525.125| ->rx	:yh91@pc7-120-l.cs.st-andrews.ac.uk:62529:20241127-182525.124:advertisement:25509:search=true,download=true:
20241127-182525.391| ->rx	:yh91@pc7-121-l.cs.st-andrews.ac.uk:9907:20241127-182525.390:advertisement:25509:search=false,download=false:
20241127-182525.778| txAd->	:yh91@pc7-123-l.cs.st-andrews.ac.uk:33310:20241127-182525.777:advertisement:25509:search=true,download=true:
20241127-182527.485| ->tcpRx	:yh91@pc7-120-l.cs.st-andrews.ac.uk:62530:20241127-182527.480:download-request:/non-text/video/good_and_strong-web.mp4:
20241127-182527.489| tcpTx->	:yh91@pc7-123-l.cs.st-andrews.ac.uk:33311:20241127-182527.488:download-result:319863:
20241127-182530.126| ->rx	:yh91@pc7-120-l.cs.st-andrews.ac.uk:62531:20241127-182530.125:advertisement:25509:search=true,download=true:
20241127-182530.393| ->rx	:yh91@pc7-121-l.cs.st-andrews.ac.uk:9908:20241127-182530.392:advertisement:25509:search=false,download=false:
20241127-182530.779| txAd->	:yh91@pc7-123-l.cs.st-andrews.ac.uk:33312:20241127-182530.778:advertisement:25509:search=true,download=true:
20241127-182535.128| ->rx	:yh91@pc7-120-l.cs.st-andrews.ac.uk:62532:20241127-182535.127:advertisement:25509:search=true,download=true:
20241127-182535.394| ->rx	:yh91@pc7-121-l.cs.st-andrews.ac.uk:9909:20241127-182535.393:advertisement:25509:search=false,download=false:
20241127-182535.780| txAd->	:yh91@pc7-123-l.cs.st-andrews.ac.uk:33313:20241127-182535.779:advertisement:25509:search=true,download=true:
20241127-182540.129| ->rx	:yh91@pc7-120-l.cs.st-andrews.ac.uk:62533:20241127-182540.128:advertisement:25509:search=true,download=true:
20241127-182540.395| ->rx	:yh91@pc7-121-l.cs.st-andrews.ac.uk:9910:20241127-182540.395:advertisement:25509:search=false,download=false:
20241127-182540.781| txAd->	:yh91@pc7-123-l.cs.st-andrews.ac.uk:33314:20241127-182540.781:advertisement:25509:search=true,download=true:
20241127-182545.130| ->rx	:yh91@pc7-120-l.cs.st-andrews.ac.uk:62534:20241127-182545.129:advertisement:25509:search=true,download=true:
20241127-182545.397| ->rx	:yh91@pc7-121-l.cs.st-andrews.ac.uk:9911:20241127-182545.396:advertisement:25509:search=false,download=false:
20241127-182545.783| txAd->	:yh91@pc7-123-l.cs.st-andrews.ac.uk:33315:20241127-182545.782:advertisement:25509:search=true,download=true:
20241127-182550.131| ->rx	:yh91@pc7-120-l.cs.st-andrews.ac.uk:62535:20241127-182550.131:advertisement:25509:search=true,download=true:
20241127-182550.398| ->rx	:yh91@pc7-121-l.cs.st-andrews.ac.uk:9912:20241127-182550.397:advertisement:25509:search=false,download=false:
20241127-182550.784| txAd->	:yh91@pc7-123-l.cs.st-andrews.ac.uk:33316:20241127-182550.783:advertisement:25509:search=true,download=true:
20241127-182551.522| ->tcpRx	:yh91@pc7-120-l.cs.st-andrews.ac.uk:62536:20241127-182551.521:download-request:/non-text/video/good_and_strong-web.mp:
20241127-182551.524| tcpTx->	:yh91@pc7-123-l.cs.st-andrews.ac.uk:33317:20241127-182551.523:download-error:
20241127-182555.133| ->rx	:yh91@pc7-120-l.cs.st-andrews.ac.uk:62537:20241127-182555.132:advertisement:25509:search=true,download=true:
20241127-182555.399| ->rx	:yh91@pc7-121-l.cs.st-andrews.ac.uk:9913:20241127-182555.398:advertisement:25509:search=false,download=false:
20241127-182555.785| txAd->	:yh91@pc7-123-l.cs.st-andrews.ac.uk:33318:20241127-182555.785:advertisement:25509:search=true,download=true:
20241127-182600.134| ->rx	:yh91@pc7-120-l.cs.st-andrews.ac.uk:62538:20241127-182600.133:advertisement:25509:search=true,download=true:
20241127-182600.401| ->rx	:yh91@pc7-121-l.cs.st-andrews.ac.uk:9914:20241127-182600.400:advertisement:25509:search=false,download=false:
20241127-182600.786| txAd->	:yh91@pc7-123-l.cs.st-andrews.ac.uk:33319:20241127-182600.786:advertisement:25509:search=true,download=true:
20241127-182605.135| ->rx	:yh91@pc7-120-l.cs.st-andrews.ac.uk:62539:20241127-182605.134:advertisement:25509:search=true,download=true:
20241127-182605.402| ->rx	:yh91@pc7-121-l.cs.st-andrews.ac.uk:9915:20241127-182605.401:advertisement:25509:search=false,download=false:
20241127-182605.517| advertise close
20241127-182605.598| tcp server stop accepting.
20241127-182605.603| muticast rx close
20241127-182606.518| left IPv6 multicast group
20241127-182606.520| IPv6 tcp server close.
